nohup: ignoring input
Using profiles profiles/default/ and workflow specific profile profiles/default for setting default command line arguments.
Config file ../config/config-glicid-scratch.yml is extended by additional config specified via the command line.
host: nautilus-devel-001
Building DAG of jobs...
Your conda installation is not configured to use strict channel priorities. This is however important for having robust and correct environments (for details, see https://conda-forge.org/docs/user/tipsandtricks.html). Please consider to configure strict priorities by executing 'conda config --set channel_priority strict'.
SLURM run ID: 10a12234-bb40-4dce-883c-c39f228a073c
Using shell: /usr/bin/bash
Provided remote nodes: 300
Job stats:
job                                count
-------------------------------  -------
all                                    1
generate_hallmarks_manually            2
plot_hallmarks_heatmap_manually        2
total                                  5

Select jobs to execute...
Failed to solve scheduling problem with ILP solver, falling back to greedy scheduler. You likely have to fix your ILP solver installation. Error message: PULP_CBC_CMD: Not Available (check permissions on cbc)
Execute 2 jobs...

[Mon Mar 23 14:51:02 2026]
rule generate_hallmarks_manually:
    input: /scratch/nautilus/users/sanglier-l@univ-nantes.fr/6-CellStates-test/results/MM-01-0274-T/cogaps/patterns_10/contributions/MM-01-0274-T.npatterns-10.contributions_genes.txt
    output: /scratch/nautilus/users/sanglier-l@univ-nantes.fr/6-CellStates-test/results/MM-01-0274-T/cogaps/patterns_10/hallmarks/manually/enrichment/MM-01-0274-T.npatterns-10.hallmarks_enrichment.csv, /scratch/nautilus/users/sanglier-l@univ-nantes.fr/6-CellStates-test/results/MM-01-0274-T/cogaps/patterns_10/hallmarks/manually/overrep/MM-01-0274-T.npatterns-10.hallmarks_overrepresentation.csv
    jobid: 7
    reason: Code has changed since last execution
    wildcards: sample=MM-01-0274-T, npatterns=10
    resources: mem_mb=32000, mem_mib=30518, disk_mb=1000, disk_mib=954, tmpdir=<TBD>, runtime=60, clusters=nautilus, slurm_account=crci2na, slurm_partition=all, slurm_extra=--qos=quick
Job 7 has been submitted with SLURM jobid 10178102 (log: /scratch/nautilus/users/sanglier-l@univ-nantes.fr/6-CellStates-test/workflow/.snakemake/slurm_logs/rule_generate_hallmarks_manually/MM-01-0274-T_10/10178102.log).

[Mon Mar 23 14:51:02 2026]
rule generate_hallmarks_manually:
    input: /scratch/nautilus/users/sanglier-l@univ-nantes.fr/6-CellStates-test/results/MM-01-0282-T2/cogaps/patterns_12/contributions/MM-01-0282-T2.npatterns-12.contributions_genes.txt
    output: /scratch/nautilus/users/sanglier-l@univ-nantes.fr/6-CellStates-test/results/MM-01-0282-T2/cogaps/patterns_12/hallmarks/manually/enrichment/MM-01-0282-T2.npatterns-12.hallmarks_enrichment.csv, /scratch/nautilus/users/sanglier-l@univ-nantes.fr/6-CellStates-test/results/MM-01-0282-T2/cogaps/patterns_12/hallmarks/manually/overrep/MM-01-0282-T2.npatterns-12.hallmarks_overrepresentation.csv
    jobid: 32
    reason: Code has changed since last execution
    wildcards: sample=MM-01-0282-T2, npatterns=12
    resources: mem_mb=32000, mem_mib=30518, disk_mb=1000, disk_mib=954, tmpdir=<TBD>, runtime=60, clusters=nautilus, slurm_account=crci2na, slurm_partition=all, slurm_extra=--qos=quick
Job 32 has been submitted with SLURM jobid 10178103 (log: /scratch/nautilus/users/sanglier-l@univ-nantes.fr/6-CellStates-test/workflow/.snakemake/slurm_logs/rule_generate_hallmarks_manually/MM-01-0282-T2_12/10178103.log).
[Mon Mar 23 14:52:02 2026]
Finished jobid: 7 (Rule: generate_hallmarks_manually)
1 of 5 steps (20%) done
Select jobs to execute...
Execute 1 jobs...

[Mon Mar 23 14:52:02 2026]
rule plot_hallmarks_heatmap_manually:
    input: /scratch/nautilus/users/sanglier-l@univ-nantes.fr/6-CellStates-test/results/MM-01-0274-T/cogaps/patterns_10/hallmarks/manually/enrichment/MM-01-0274-T.npatterns-10.hallmarks_enrichment.csv, /scratch/nautilus/users/sanglier-l@univ-nantes.fr/6-CellStates-test/results/MM-01-0274-T/cogaps/patterns_10/hallmarks/manually/overrep/MM-01-0274-T.npatterns-10.hallmarks_overrepresentation.csv
    output: /scratch/nautilus/users/sanglier-l@univ-nantes.fr/6-CellStates-test/results/MM-01-0274-T/cogaps/patterns_10/hallmarks/manually/enrichment/MM-01-0274-T.npatterns-10.hallmarks_enrichment_heatmap.pdf, /scratch/nautilus/users/sanglier-l@univ-nantes.fr/6-CellStates-test/results/MM-01-0274-T/cogaps/patterns_10/hallmarks/manually/overrep/MM-01-0274-T.npatterns-10.hallmarks_overrepresentation_heatmap.pdf
    jobid: 14
    reason: Input files updated by another job: /scratch/nautilus/users/sanglier-l@univ-nantes.fr/6-CellStates-test/results/MM-01-0274-T/cogaps/patterns_10/hallmarks/manually/overrep/MM-01-0274-T.npatterns-10.hallmarks_overrepresentation.csv, /scratch/nautilus/users/sanglier-l@univ-nantes.fr/6-CellStates-test/results/MM-01-0274-T/cogaps/patterns_10/hallmarks/manually/enrichment/MM-01-0274-T.npatterns-10.hallmarks_enrichment.csv
    wildcards: sample=MM-01-0274-T, npatterns=10
    resources: mem_mb=32000, mem_mib=30518, disk_mb=1000, disk_mib=954, tmpdir=<TBD>, runtime=60, clusters=nautilus, slurm_account=crci2na, slurm_partition=all, slurm_extra=--qos=quick
Job 14 has been submitted with SLURM jobid 10178141 (log: /scratch/nautilus/users/sanglier-l@univ-nantes.fr/6-CellStates-test/workflow/.snakemake/slurm_logs/rule_plot_hallmarks_heatmap_manually/MM-01-0274-T_10/10178141.log).
[Mon Mar 23 14:52:02 2026]
Finished jobid: 32 (Rule: generate_hallmarks_manually)
2 of 5 steps (40%) done
Select jobs to execute...
Execute 1 jobs...

[Mon Mar 23 14:52:02 2026]
rule plot_hallmarks_heatmap_manually:
    input: /scratch/nautilus/users/sanglier-l@univ-nantes.fr/6-CellStates-test/results/MM-01-0282-T2/cogaps/patterns_12/hallmarks/manually/enrichment/MM-01-0282-T2.npatterns-12.hallmarks_enrichment.csv, /scratch/nautilus/users/sanglier-l@univ-nantes.fr/6-CellStates-test/results/MM-01-0282-T2/cogaps/patterns_12/hallmarks/manually/overrep/MM-01-0282-T2.npatterns-12.hallmarks_overrepresentation.csv
    output: /scratch/nautilus/users/sanglier-l@univ-nantes.fr/6-CellStates-test/results/MM-01-0282-T2/cogaps/patterns_12/hallmarks/manually/enrichment/MM-01-0282-T2.npatterns-12.hallmarks_enrichment_heatmap.pdf, /scratch/nautilus/users/sanglier-l@univ-nantes.fr/6-CellStates-test/results/MM-01-0282-T2/cogaps/patterns_12/hallmarks/manually/overrep/MM-01-0282-T2.npatterns-12.hallmarks_overrepresentation_heatmap.pdf
    jobid: 39
    reason: Input files updated by another job: /scratch/nautilus/users/sanglier-l@univ-nantes.fr/6-CellStates-test/results/MM-01-0282-T2/cogaps/patterns_12/hallmarks/manually/overrep/MM-01-0282-T2.npatterns-12.hallmarks_overrepresentation.csv, /scratch/nautilus/users/sanglier-l@univ-nantes.fr/6-CellStates-test/results/MM-01-0282-T2/cogaps/patterns_12/hallmarks/manually/enrichment/MM-01-0282-T2.npatterns-12.hallmarks_enrichment.csv
    wildcards: sample=MM-01-0282-T2, npatterns=12
    resources: mem_mb=32000, mem_mib=30518, disk_mb=1000, disk_mib=954, tmpdir=<TBD>, runtime=60, clusters=nautilus, slurm_account=crci2na, slurm_partition=all, slurm_extra=--qos=quick
Job 39 has been submitted with SLURM jobid 10178142 (log: /scratch/nautilus/users/sanglier-l@univ-nantes.fr/6-CellStates-test/workflow/.snakemake/slurm_logs/rule_plot_hallmarks_heatmap_manually/MM-01-0282-T2_12/10178142.log).
[Mon Mar 23 14:52:42 2026]
Finished jobid: 14 (Rule: plot_hallmarks_heatmap_manually)
3 of 5 steps (60%) done
[Mon Mar 23 14:52:42 2026]
Finished jobid: 39 (Rule: plot_hallmarks_heatmap_manually)
4 of 5 steps (80%) done
Select jobs to execute...
Execute 1 jobs...

[Mon Mar 23 14:52:42 2026]
localrule all:
    input: /scratch/nautilus/users/sanglier-l@univ-nantes.fr/6-CellStates-test/results/MM-01-0274-T/cogaps/patterns_10/markers/MM-01-0274-T.npatterns-10.markers.xlsx, /scratch/nautilus/users/sanglier-l@univ-nantes.fr/6-CellStates-test/results/MM-01-0274-T/cogaps/patterns_10/contributions/MM-01-0274-T.npatterns-10.contributions_cells.txt, /scratch/nautilus/users/sanglier-l@univ-nantes.fr/6-CellStates-test/results/MM-01-0274-T/cogaps/patterns_10/contributions/MM-01-0274-T.npatterns-10.contributions_genes.txt, /scratch/nautilus/users/sanglier-l@univ-nantes.fr/6-CellStates-test/results/MM-01-0274-T/cogaps/patterns_10/specificity/MM-01-0274-T.npatterns-10.patterns_specificity.pdf, /scratch/nautilus/users/sanglier-l@univ-nantes.fr/6-CellStates-test/results/MM-01-0274-T/cogaps/patterns_10/hallmarks/get_function/enrichment/MM-01-0274-T.npatterns-10.hallmarks_enrichment.csv, /scratch/nautilus/users/sanglier-l@univ-nantes.fr/6-CellStates-test/results/MM-01-0274-T/cogaps/patterns_10/hallmarks/get_function/overrep/MM-01-0274-T.npatterns-10.hallmarks_overrepresentation.csv, /scratch/nautilus/users/sanglier-l@univ-nantes.fr/6-CellStates-test/results/MM-01-0274-T/cogaps/patterns_10/hallmarks/manually/enrichment/MM-01-0274-T.npatterns-10.hallmarks_enrichment.csv, /scratch/nautilus/users/sanglier-l@univ-nantes.fr/6-CellStates-test/results/MM-01-0274-T/cogaps/patterns_10/hallmarks/manually/overrep/MM-01-0274-T.npatterns-10.hallmarks_overrepresentation.csv, /scratch/nautilus/users/sanglier-l@univ-nantes.fr/6-CellStates-test/results/MM-01-0274-T/cogaps/patterns_10/hallmarks/get_function/enrichment/MM-01-0274-T.npatterns-10.hallmarks_enrichment_unique.pdf, /scratch/nautilus/users/sanglier-l@univ-nantes.fr/6-CellStates-test/results/MM-01-0274-T/cogaps/patterns_10/hallmarks/get_function/overrep/MM-01-0274-T.npatterns-10.hallmarks_overrepresentation_unique.pdf, /scratch/nautilus/users/sanglier-l@univ-nantes.fr/6-CellStates-test/results/MM-01-0274-T/cogaps/patterns_10/hallmarks/get_function/enrichment/MM-01-0274-T.npatterns-10.hallmarks_enrichment.pdf, /scratch/nautilus/users/sanglier-l@univ-nantes.fr/6-CellStates-test/results/MM-01-0274-T/cogaps/patterns_10/hallmarks/get_function/overrep/MM-01-0274-T.npatterns-10.hallmarks_overrepresentation.pdf, /scratch/nautilus/users/sanglier-l@univ-nantes.fr/6-CellStates-test/results/MM-01-0274-T/cogaps/patterns_10/hallmarks/get_function/enrichment/MM-01-0274-T.npatterns-10.intersection_hallmarks_enrichment.pdf, /scratch/nautilus/users/sanglier-l@univ-nantes.fr/6-CellStates-test/results/MM-01-0274-T/cogaps/patterns_10/hallmarks/get_function/overrep/MM-01-0274-T.npatterns-10.intersection_hallmarks_overrepresentation.pdf, /scratch/nautilus/users/sanglier-l@univ-nantes.fr/6-CellStates-test/results/MM-01-0274-T/cogaps/patterns_10/hallmarks/get_function/enrichment/MM-01-0274-T.npatterns-10.intersection_hallmarks_enrichment.csv, /scratch/nautilus/users/sanglier-l@univ-nantes.fr/6-CellStates-test/results/MM-01-0274-T/cogaps/patterns_10/hallmarks/get_function/overrep/MM-01-0274-T.npatterns-10.intersection_hallmarks_overrepresentation.csv, /scratch/nautilus/users/sanglier-l@univ-nantes.fr/6-CellStates-test/results/MM-01-0274-T/cogaps/patterns_10/statistics/MM-01-0274-T.npatterns-10.kw_results.csv, /scratch/nautilus/users/sanglier-l@univ-nantes.fr/6-CellStates-test/results/MM-01-0274-T/cogaps/patterns_10/statistics/MM-01-0274-T.npatterns-10.pairwise_results.csv, /scratch/nautilus/users/sanglier-l@univ-nantes.fr/6-CellStates-test/results/MM-01-0274-T/cogaps/patterns_10/markers/MM-01-0274-T.npatterns-10.heatmaps.pdf, /scratch/nautilus/users/sanglier-l@univ-nantes.fr/6-CellStates-test/results/MM-01-0274-T/cogaps/patterns_10/hallmarks/get_function/enrichment/MM-01-0274-T.npatterns-10.hallmarks_enrichment_heatmap.pdf, /scratch/nautilus/users/sanglier-l@univ-nantes.fr/6-CellStates-test/results/MM-01-0274-T/cogaps/patterns_10/hallmarks/get_function/overrep/MM-01-0274-T.npatterns-10.hallmarks_overrepresentation_heatmap.pdf, /scratch/nautilus/users/sanglier-l@univ-nantes.fr/6-CellStates-test/results/MM-01-0274-T/cogaps/patterns_10/hallmarks/manually/enrichment/MM-01-0274-T.npatterns-10.hallmarks_enrichment_heatmap.pdf, /scratch/nautilus/users/sanglier-l@univ-nantes.fr/6-CellStates-test/results/MM-01-0274-T/cogaps/patterns_10/hallmarks/manually/overrep/MM-01-0274-T.npatterns-10.hallmarks_overrepresentation_heatmap.pdf, /scratch/nautilus/users/sanglier-l@univ-nantes.fr/6-CellStates-test/results/MM-01-0274-T/cogaps/patterns_10/umap/dominant/MM-01-0274-T.npatterns-10.UMAP_dominant_scrnaseq.pdf, /scratch/nautilus/users/sanglier-l@univ-nantes.fr/6-CellStates-test/results/MM-01-0274-T/cogaps/patterns_10/umap/dominant/MM-01-0274-T.npatterns-10.UMAP_dominant_scatacseq.pdf, /scratch/nautilus/users/sanglier-l@univ-nantes.fr/6-CellStates-test/results/MM-01-0274-T/cogaps/patterns_10/umap/dominant/MM-01-0274-T.npatterns-10.UMAP_dominant_multimodal.pdf, /scratch/nautilus/users/sanglier-l@univ-nantes.fr/6-CellStates-test/results/MM-01-0274-T/cogaps/patterns_10/umap/dominant/MM-01-0274-T.npatterns-10.UMAP_dominant_nmf.pdf, /scratch/nautilus/users/sanglier-l@univ-nantes.fr/6-CellStates-test/results/MM-01-0274-T/cogaps/patterns_10/umap/dominant/infos/MM-01-0274-T.npatterns-10.nb_cells.pdf, /scratch/nautilus/users/sanglier-l@univ-nantes.fr/6-CellStates-test/results/MM-01-0274-T/cogaps/patterns_10/umap/coo/MM-01-0274-T.npatterns-10.nmf.umap-coords.txt, /scratch/nautilus/users/sanglier-l@univ-nantes.fr/6-CellStates-test/results/MM-01-0274-T/cogaps/patterns_10/umap/weight/MM-01-0274-T.npatterns-10.UMAP_weight_scrnaseq.pdf, /scratch/nautilus/users/sanglier-l@univ-nantes.fr/6-CellStates-test/results/MM-01-0274-T/cogaps/patterns_10/umap/weight/MM-01-0274-T.npatterns-10.UMAP_weight_scatacseq.pdf, /scratch/nautilus/users/sanglier-l@univ-nantes.fr/6-CellStates-test/results/MM-01-0274-T/cogaps/patterns_10/umap/weight/MM-01-0274-T.npatterns-10.UMAP_weight_multimodal.pdf, /scratch/nautilus/users/sanglier-l@univ-nantes.fr/6-CellStates-test/results/MM-01-0274-T/cogaps/patterns_10/umap/weight/MM-01-0274-T.npatterns-10.UMAP_weight_nmf.pdf, /scratch/nautilus/users/sanglier-l@univ-nantes.fr/6-CellStates-test/results/MM-01-0274-T/cogaps/patterns_recap_global.csv, /scratch/nautilus/users/sanglier-l@univ-nantes.fr/6-CellStates-test/results/MM-01-0282-T2/cogaps/patterns_12/markers/MM-01-0282-T2.npatterns-12.markers.xlsx, /scratch/nautilus/users/sanglier-l@univ-nantes.fr/6-CellStates-test/results/MM-01-0282-T2/cogaps/patterns_12/contributions/MM-01-0282-T2.npatterns-12.contributions_cells.txt, /scratch/nautilus/users/sanglier-l@univ-nantes.fr/6-CellStates-test/results/MM-01-0282-T2/cogaps/patterns_12/contributions/MM-01-0282-T2.npatterns-12.contributions_genes.txt, /scratch/nautilus/users/sanglier-l@univ-nantes.fr/6-CellStates-test/results/MM-01-0282-T2/cogaps/patterns_12/specificity/MM-01-0282-T2.npatterns-12.patterns_specificity.pdf, /scratch/nautilus/users/sanglier-l@univ-nantes.fr/6-CellStates-test/results/MM-01-0282-T2/cogaps/patterns_12/hallmarks/get_function/enrichment/MM-01-0282-T2.npatterns-12.hallmarks_enrichment.csv, /scratch/nautilus/users/sanglier-l@univ-nantes.fr/6-CellStates-test/results/MM-01-0282-T2/cogaps/patterns_12/hallmarks/get_function/overrep/MM-01-0282-T2.npatterns-12.hallmarks_overrepresentation.csv, /scratch/nautilus/users/sanglier-l@univ-nantes.fr/6-CellStates-test/results/MM-01-0282-T2/cogaps/patterns_12/hallmarks/manually/enrichment/MM-01-0282-T2.npatterns-12.hallmarks_enrichment.csv, /scratch/nautilus/users/sanglier-l@univ-nantes.fr/6-CellStates-test/results/MM-01-0282-T2/cogaps/patterns_12/hallmarks/manually/overrep/MM-01-0282-T2.npatterns-12.hallmarks_overrepresentation.csv, /scratch/nautilus/users/sanglier-l@univ-nantes.fr/6-CellStates-test/results/MM-01-0282-T2/cogaps/patterns_12/hallmarks/get_function/enrichment/MM-01-0282-T2.npatterns-12.hallmarks_enrichment_unique.pdf, /scratch/nautilus/users/sanglier-l@univ-nantes.fr/6-CellStates-test/results/MM-01-0282-T2/cogaps/patterns_12/hallmarks/get_function/overrep/MM-01-0282-T2.npatterns-12.hallmarks_overrepresentation_unique.pdf, /scratch/nautilus/users/sanglier-l@univ-nantes.fr/6-CellStates-test/results/MM-01-0282-T2/cogaps/patterns_12/hallmarks/get_function/enrichment/MM-01-0282-T2.npatterns-12.hallmarks_enrichment.pdf, /scratch/nautilus/users/sanglier-l@univ-nantes.fr/6-CellStates-test/results/MM-01-0282-T2/cogaps/patterns_12/hallmarks/get_function/overrep/MM-01-0282-T2.npatterns-12.hallmarks_overrepresentation.pdf, /scratch/nautilus/users/sanglier-l@univ-nantes.fr/6-CellStates-test/results/MM-01-0282-T2/cogaps/patterns_12/hallmarks/get_function/enrichment/MM-01-0282-T2.npatterns-12.intersection_hallmarks_enrichment.pdf, /scratch/nautilus/users/sanglier-l@univ-nantes.fr/6-CellStates-test/results/MM-01-0282-T2/cogaps/patterns_12/hallmarks/get_function/overrep/MM-01-0282-T2.npatterns-12.intersection_hallmarks_overrepresentation.pdf, /scratch/nautilus/users/sanglier-l@univ-nantes.fr/6-CellStates-test/results/MM-01-0282-T2/cogaps/patterns_12/hallmarks/get_function/enrichment/MM-01-0282-T2.npatterns-12.intersection_hallmarks_enrichment.csv, /scratch/nautilus/users/sanglier-l@univ-nantes.fr/6-CellStates-test/results/MM-01-0282-T2/cogaps/patterns_12/hallmarks/get_function/overrep/MM-01-0282-T2.npatterns-12.intersection_hallmarks_overrepresentation.csv, /scratch/nautilus/users/sanglier-l@univ-nantes.fr/6-CellStates-test/results/MM-01-0282-T2/cogaps/patterns_12/statistics/MM-01-0282-T2.npatterns-12.kw_results.csv, /scratch/nautilus/users/sanglier-l@univ-nantes.fr/6-CellStates-test/results/MM-01-0282-T2/cogaps/patterns_12/statistics/MM-01-0282-T2.npatterns-12.pairwise_results.csv, /scratch/nautilus/users/sanglier-l@univ-nantes.fr/6-CellStates-test/results/MM-01-0282-T2/cogaps/patterns_12/markers/MM-01-0282-T2.npatterns-12.heatmaps.pdf, /scratch/nautilus/users/sanglier-l@univ-nantes.fr/6-CellStates-test/results/MM-01-0282-T2/cogaps/patterns_12/hallmarks/get_function/enrichment/MM-01-0282-T2.npatterns-12.hallmarks_enrichment_heatmap.pdf, /scratch/nautilus/users/sanglier-l@univ-nantes.fr/6-CellStates-test/results/MM-01-0282-T2/cogaps/patterns_12/hallmarks/get_function/overrep/MM-01-0282-T2.npatterns-12.hallmarks_overrepresentation_heatmap.pdf, /scratch/nautilus/users/sanglier-l@univ-nantes.fr/6-CellStates-test/results/MM-01-0282-T2/cogaps/patterns_12/hallmarks/manually/enrichment/MM-01-0282-T2.npatterns-12.hallmarks_enrichment_heatmap.pdf, /scratch/nautilus/users/sanglier-l@univ-nantes.fr/6-CellStates-test/results/MM-01-0282-T2/cogaps/patterns_12/hallmarks/manually/overrep/MM-01-0282-T2.npatterns-12.hallmarks_overrepresentation_heatmap.pdf, /scratch/nautilus/users/sanglier-l@univ-nantes.fr/6-CellStates-test/results/MM-01-0282-T2/cogaps/patterns_12/umap/dominant/MM-01-0282-T2.npatterns-12.UMAP_dominant_scrnaseq.pdf, /scratch/nautilus/users/sanglier-l@univ-nantes.fr/6-CellStates-test/results/MM-01-0282-T2/cogaps/patterns_12/umap/dominant/MM-01-0282-T2.npatterns-12.UMAP_dominant_scatacseq.pdf, /scratch/nautilus/users/sanglier-l@univ-nantes.fr/6-CellStates-test/results/MM-01-0282-T2/cogaps/patterns_12/umap/dominant/MM-01-0282-T2.npatterns-12.UMAP_dominant_multimodal.pdf, /scratch/nautilus/users/sanglier-l@univ-nantes.fr/6-CellStates-test/results/MM-01-0282-T2/cogaps/patterns_12/umap/dominant/MM-01-0282-T2.npatterns-12.UMAP_dominant_nmf.pdf, /scratch/nautilus/users/sanglier-l@univ-nantes.fr/6-CellStates-test/results/MM-01-0282-T2/cogaps/patterns_12/umap/dominant/infos/MM-01-0282-T2.npatterns-12.nb_cells.pdf, /scratch/nautilus/users/sanglier-l@univ-nantes.fr/6-CellStates-test/results/MM-01-0282-T2/cogaps/patterns_12/umap/coo/MM-01-0282-T2.npatterns-12.nmf.umap-coords.txt, /scratch/nautilus/users/sanglier-l@univ-nantes.fr/6-CellStates-test/results/MM-01-0282-T2/cogaps/patterns_12/umap/weight/MM-01-0282-T2.npatterns-12.UMAP_weight_scrnaseq.pdf, /scratch/nautilus/users/sanglier-l@univ-nantes.fr/6-CellStates-test/results/MM-01-0282-T2/cogaps/patterns_12/umap/weight/MM-01-0282-T2.npatterns-12.UMAP_weight_scatacseq.pdf, /scratch/nautilus/users/sanglier-l@univ-nantes.fr/6-CellStates-test/results/MM-01-0282-T2/cogaps/patterns_12/umap/weight/MM-01-0282-T2.npatterns-12.UMAP_weight_multimodal.pdf, /scratch/nautilus/users/sanglier-l@univ-nantes.fr/6-CellStates-test/results/MM-01-0282-T2/cogaps/patterns_12/umap/weight/MM-01-0282-T2.npatterns-12.UMAP_weight_nmf.pdf, /scratch/nautilus/users/sanglier-l@univ-nantes.fr/6-CellStates-test/results/MM-01-0282-T2/cogaps/patterns_recap_global.csv, /scratch/nautilus/users/sanglier-l@univ-nantes.fr/6-CellStates-test/results/MM-01-0274-T/maya/heatmap_cluster_cols_rows.png, /scratch/nautilus/users/sanglier-l@univ-nantes.fr/6-CellStates-test/results/MM-01-0274-T/maya/heatmap_cluster_rows_only.png, /scratch/nautilus/users/sanglier-l@univ-nantes.fr/6-CellStates-test/results/MM-01-0274-T/maya/umap_clone_annotation.png, /scratch/nautilus/users/sanglier-l@univ-nantes.fr/6-CellStates-test/results/MM-01-0274-T/maya/ALL_modules_top_contrib_genes.pdf, /scratch/nautilus/users/sanglier-l@univ-nantes.fr/6-CellStates-test/results/MM-01-0274-T/maya/ALL_modules_specificity.pdf, /scratch/nautilus/users/sanglier-l@univ-nantes.fr/6-CellStates-test/results/MM-01-0282-T2/maya/heatmap_cluster_cols_rows.png, /scratch/nautilus/users/sanglier-l@univ-nantes.fr/6-CellStates-test/results/MM-01-0282-T2/maya/heatmap_cluster_rows_only.png, /scratch/nautilus/users/sanglier-l@univ-nantes.fr/6-CellStates-test/results/MM-01-0282-T2/maya/umap_clone_annotation.png, /scratch/nautilus/users/sanglier-l@univ-nantes.fr/6-CellStates-test/results/MM-01-0282-T2/maya/ALL_modules_top_contrib_genes.pdf, /scratch/nautilus/users/sanglier-l@univ-nantes.fr/6-CellStates-test/results/MM-01-0282-T2/maya/ALL_modules_specificity.pdf
    jobid: 0
    reason: Input files updated by another job: /scratch/nautilus/users/sanglier-l@univ-nantes.fr/6-CellStates-test/results/MM-01-0274-T/cogaps/patterns_10/hallmarks/manually/overrep/MM-01-0274-T.npatterns-10.hallmarks_overrepresentation.csv, /scratch/nautilus/users/sanglier-l@univ-nantes.fr/6-CellStates-test/results/MM-01-0282-T2/cogaps/patterns_12/hallmarks/manually/overrep/MM-01-0282-T2.npatterns-12.hallmarks_overrepresentation.csv, /scratch/nautilus/users/sanglier-l@univ-nantes.fr/6-CellStates-test/results/MM-01-0282-T2/cogaps/patterns_12/hallmarks/manually/overrep/MM-01-0282-T2.npatterns-12.hallmarks_overrepresentation_heatmap.pdf, /scratch/nautilus/users/sanglier-l@univ-nantes.fr/6-CellStates-test/results/MM-01-0274-T/cogaps/patterns_10/hallmarks/manually/enrichment/MM-01-0274-T.npatterns-10.hallmarks_enrichment.csv, /scratch/nautilus/users/sanglier-l@univ-nantes.fr/6-CellStates-test/results/MM-01-0274-T/cogaps/patterns_10/hallmarks/manually/overrep/MM-01-0274-T.npatterns-10.hallmarks_overrepresentation_heatmap.pdf, /scratch/nautilus/users/sanglier-l@univ-nantes.fr/6-CellStates-test/results/MM-01-0282-T2/cogaps/patterns_12/hallmarks/manually/enrichment/MM-01-0282-T2.npatterns-12.hallmarks_enrichment_heatmap.pdf, /scratch/nautilus/users/sanglier-l@univ-nantes.fr/6-CellStates-test/results/MM-01-0282-T2/cogaps/patterns_12/hallmarks/manually/enrichment/MM-01-0282-T2.npatterns-12.hallmarks_enrichment.csv, /scratch/nautilus/users/sanglier-l@univ-nantes.fr/6-CellStates-test/results/MM-01-0274-T/cogaps/patterns_10/hallmarks/manually/enrichment/MM-01-0274-T.npatterns-10.hallmarks_enrichment_heatmap.pdf
    resources: mem_mb=32000, mem_mib=30518, disk_mb=1000, disk_mib=954, tmpdir=/tmp, runtime=60, clusters=nautilus, slurm_account=crci2na, slurm_partition=all, slurm_extra=--qos=quick
[Mon Mar 23 14:52:42 2026]
Finished jobid: 0 (Rule: all)
5 of 5 steps (100%) done
Cleaning up log files older than 10 day(s).
Complete log(s): /scratch/nautilus/users/sanglier-l@univ-nantes.fr/6-CellStates-test/workflow/.snakemake/log/2026-03-23T145101.455361.snakemake.log
